2023-02-16 11:09:31.603 [,] [restartedMain] INFO  c.e.h.HealthApplication - [logStarting,55] --> Starting HealthApplication using Java 1.8.0_131 on windows with PID 11980 (G:\Program Files\health\target\classes started by Administrator in G:\Program Files\health)
2023-02-16 11:09:31.606 [,] [restartedMain] INFO  c.e.h.HealthApplication - [logStartupProfileInfo,640] --> No active profile set, falling back to 1 default profile: "default"
2023-02-16 11:09:31.686 [,] [restartedMain] INFO  o.s.b.d.e.DevToolsPropertyDefaultsPostProcessor - [logTo,255] --> Devtools property defaults active! Set 'spring.devtools.add-properties' to 'false' to disable
2023-02-16 11:09:31.687 [,] [restartedMain] INFO  o.s.b.d.e.DevToolsPropertyDefaultsPostProcessor - [logTo,255] --> For additional web related logging consider setting the 'logging.level.web' property to 'DEBUG'
2023-02-16 11:09:33.286 [,] [restartedMain] INFO  o.s.d.r.c.RepositoryConfigurationDelegate - [multipleStoresDetected,262] --> Multiple Spring Data modules found, entering strict repository configuration mode!
2023-02-16 11:09:33.289 [,] [restartedMain] INFO  o.s.d.r.c.RepositoryConfigurationDelegate - [registerRepositoriesIn,132] --> Bootstrapping Spring Data Redis repositories in DEFAULT mode.
2023-02-16 11:09:33.324 [,] [restartedMain] INFO  o.s.d.r.c.RepositoryConfigurationDelegate - [registerRepositoriesIn,201] --> Finished Spring Data repository scanning in 17 ms. Found 0 Redis repository interfaces.
2023-02-16 11:09:33.662 [,] [restartedMain] INFO  o.s.c.c.s.GenericScope - [setSerializationId,283] --> BeanFactory id=48a6eb98-a886-30a7-8320-595bb5902ed2
2023-02-16 11:09:34.322 [,] [restartedMain] INFO  o.s.b.w.e.t.TomcatWebServer - [initialize,108] --> Tomcat initialized with port(s): 8080 (http)
2023-02-16 11:09:34.334 [,] [restartedMain] INFO  o.a.c.h.Http11NioProtocol - [log,173] --> Initializing ProtocolHandler ["http-nio-8080"]
2023-02-16 11:09:34.335 [,] [restartedMain] INFO  o.a.c.c.StandardService - [log,173] --> Starting service [Tomcat]
2023-02-16 11:09:34.335 [,] [restartedMain] INFO  o.a.c.c.StandardEngine - [log,173] --> Starting Servlet engine: [Apache Tomcat/9.0.60]
2023-02-16 11:09:34.614 [,] [restartedMain] INFO  o.a.c.c.C.[.[.[/] - [log,173] --> Initializing Spring embedded WebApplicationContext
2023-02-16 11:09:34.615 [,] [restartedMain] INFO  o.s.b.w.s.c.ServletWebServerApplicationContext - [prepareWebApplicationContext,290] --> Root WebApplicationContext: initialization completed in 2927 ms
2023-02-16 11:09:35.623 [,] [restartedMain] WARN  c.b.m.c.m.TableInfoHelper - [initTableFields,307] --> Can not find table primary key in Class: "com.example.health.entity.TbManager".
2023-02-16 11:09:35.680 [,] [restartedMain] WARN  c.b.m.c.m.TableInfoHelper - [initTableFields,307] --> Can not find table primary key in Class: "com.example.health.entity.TbStudent".
2023-02-16 11:09:35.816 [,] [restartedMain] WARN  c.b.m.c.m.TableInfoHelper - [initTableFields,307] --> Can not find table primary key in Class: "com.example.health.entity.TbProfession".
2023-02-16 11:09:37.386 [,] [restartedMain] WARN  o.s.b.a.s.s.UserDetailsServiceAutoConfiguration - [getOrDeducePassword,87] --> 

Using generated security password: f14d776c-12f5-41ae-be79-484c6c93ea8a

This generated password is for development use only. Your security configuration must be updated before running your application in production.

2023-02-16 11:09:37.543 [,] [restartedMain] INFO  o.s.b.a.e.w.EndpointLinksResolver - [<init>,58] --> Exposing 1 endpoint(s) beneath base path '/actuator'
2023-02-16 11:09:37.563 [,] [restartedMain] INFO  o.s.s.w.DefaultSecurityFilterChain - [<init>,52] --> Will not secure any request
2023-02-16 11:09:37.759 [,] [restartedMain] INFO  o.s.b.d.a.OptionalLiveReloadServer - [startServer,58] --> LiveReload server is running on port 35729
2023-02-16 11:09:38.405 [,] [restartedMain] INFO  c.a.n.c.r.client - [lambda$createClient$0,80] --> [RpcClientFactory] create a new rpc client of 94d4402e-187d-4c28-b4b3-1fd7d5d368cc
2023-02-16 11:09:38.479 [,] [restartedMain] INFO  o.r.Reflections - [scan,232] --> Reflections took 49 ms to scan 1 urls, producing 3 keys and 6 values 
2023-02-16 11:09:38.525 [,] [restartedMain] INFO  o.r.Reflections - [scan,232] --> Reflections took 25 ms to scan 1 urls, producing 4 keys and 9 values 
2023-02-16 11:09:38.580 [,] [restartedMain] INFO  o.r.Reflections - [scan,232] --> Reflections took 23 ms to scan 1 urls, producing 3 keys and 10 values 
2023-02-16 11:09:38.789 [,] [restartedMain] INFO  o.r.Reflections - [scan,232] --> Reflections took 204 ms to scan 122 urls, producing 0 keys and 0 values 
2023-02-16 11:09:38.808 [,] [restartedMain] INFO  o.r.Reflections - [scan,232] --> Reflections took 17 ms to scan 1 urls, producing 1 keys and 5 values 
2023-02-16 11:09:38.830 [,] [restartedMain] INFO  o.r.Reflections - [scan,232] --> Reflections took 19 ms to scan 1 urls, producing 1 keys and 7 values 
2023-02-16 11:09:38.853 [,] [restartedMain] INFO  o.r.Reflections - [scan,232] --> Reflections took 18 ms to scan 1 urls, producing 2 keys and 8 values 
2023-02-16 11:09:39.075 [,] [restartedMain] INFO  o.r.Reflections - [scan,232] --> Reflections took 218 ms to scan 122 urls, producing 0 keys and 0 values 
2023-02-16 11:09:39.077 [,] [restartedMain] INFO  c.a.n.c.r.client - [printIfInfoEnabled,60] --> [94d4402e-187d-4c28-b4b3-1fd7d5d368cc] RpcClient init label, labels = {module=naming, source=sdk}
2023-02-16 11:09:39.079 [,] [restartedMain] INFO  c.a.n.c.r.client - [printIfInfoEnabled,60] --> [94d4402e-187d-4c28-b4b3-1fd7d5d368cc] RpcClient init, ServerListFactory = com.alibaba.nacos.client.naming.core.ServerListManager
2023-02-16 11:09:39.080 [,] [restartedMain] INFO  c.a.n.c.r.client - [printIfInfoEnabled,60] --> [94d4402e-187d-4c28-b4b3-1fd7d5d368cc] Registry connection listener to current client:com.alibaba.nacos.client.naming.remote.gprc.redo.NamingGrpcRedoService
2023-02-16 11:09:39.081 [,] [restartedMain] INFO  c.a.n.c.r.client - [printIfInfoEnabled,60] --> [94d4402e-187d-4c28-b4b3-1fd7d5d368cc] Register server push request handler:com.alibaba.nacos.client.naming.remote.gprc.NamingPushRequestHandler
2023-02-16 11:09:39.084 [,] [restartedMain] INFO  c.a.n.c.r.client - [printIfInfoEnabled,60] --> [94d4402e-187d-4c28-b4b3-1fd7d5d368cc] Try to connect to server on start up, server: {serverIp = '127.0.0.1', server main port = 8848}
2023-02-16 11:09:41.855 [,] [restartedMain] INFO  c.a.n.c.r.client - [printIfInfoEnabled,60] --> [94d4402e-187d-4c28-b4b3-1fd7d5d368cc] Try to connect to server on start up, server: {serverIp = '127.0.0.1', server main port = 8848}
2023-02-16 11:09:42.885 [,] [restartedMain] INFO  c.a.n.c.r.client - [printIfInfoEnabled,60] --> [94d4402e-187d-4c28-b4b3-1fd7d5d368cc] Try to connect to server on start up, server: {serverIp = '127.0.0.1', server main port = 8848}
2023-02-16 11:09:43.886 [,] [com.alibaba.nacos.client.remote.worker] INFO  c.a.n.c.r.client - [printIfInfoEnabled,60] --> [94d4402e-187d-4c28-b4b3-1fd7d5d368cc] Try to reconnect to a new server, server is  not appointed, will choose a random server.
2023-02-16 11:09:43.887 [,] [restartedMain] INFO  c.a.n.c.r.client - [printIfInfoEnabled,60] --> [94d4402e-187d-4c28-b4b3-1fd7d5d368cc] Register server push request handler:com.alibaba.nacos.common.remote.client.RpcClient$ConnectResetRequestHandler
2023-02-16 11:09:43.889 [,] [restartedMain] INFO  c.a.n.c.r.client - [printIfInfoEnabled,60] --> [94d4402e-187d-4c28-b4b3-1fd7d5d368cc] Register server push request handler:com.alibaba.nacos.common.remote.client.RpcClient$$Lambda$1121/1338378677
2023-02-16 11:09:44.209 [,] [restartedMain] INFO  o.a.c.h.Http11NioProtocol - [log,173] --> Starting ProtocolHandler ["http-nio-8080"]
2023-02-16 11:09:44.226 [,] [restartedMain] INFO  o.s.b.w.e.t.TomcatWebServer - [start,220] --> Tomcat started on port(s): 8080 (http) with context path ''
2023-02-16 11:09:44.534 [,] [restartedMain] WARN  o.s.b.w.s.c.AnnotationConfigServletWebServerApplicationContext - [refresh,591] --> Exception encountered during context initialization - cancelling refresh attempt: org.springframework.context.ApplicationContextException: Failed to start bean 'webServerStartStop'; nested exception is java.lang.reflect.UndeclaredThrowableException
2023-02-16 11:09:45.168 [,] [restartedMain] INFO  c.a.n.c.r.client - [shutdown,454] --> Shutdown rpc client, set status to shutdown
2023-02-16 11:09:45.168 [,] [restartedMain] INFO  c.a.n.c.r.client - [shutdown,456] --> Shutdown client event executor java.util.concurrent.ScheduledThreadPoolExecutor@5da4428b[Running, pool size = 2, active threads = 2, queued tasks = 0, completed tasks = 0]
2023-02-16 11:09:45.168 [,] [restartedMain] INFO  c.a.n.c.r.c.g.GrpcClient - [shutdown,85] --> Shutdown grpc executor java.util.concurrent.ThreadPoolExecutor@6bb8c640[Running, pool size = 8, active threads = 0, queued tasks = 0, completed tasks = 8]
2023-02-16 11:09:45.171 [,] [com.alibaba.nacos.client.remote.worker] INFO  c.a.n.c.r.client - [printIfInfoEnabled,60] --> [94d4402e-187d-4c28-b4b3-1fd7d5d368cc] Fail to connect server, after trying 1 times, last try server is {serverIp = '127.0.0.1', server main port = 8848}, error = unknown
2023-02-16 11:09:45.173 [,] [restartedMain] INFO  c.a.n.c.r.client - [lambda$createClient$0,80] --> [RpcClientFactory] create a new rpc client of 5f2fb3df-9f27-46c9-92f6-acda6e2a8308
2023-02-16 11:09:45.174 [,] [restartedMain] INFO  c.a.n.c.r.client - [printIfInfoEnabled,60] --> [5f2fb3df-9f27-46c9-92f6-acda6e2a8308] RpcClient init label, labels = {module=naming, source=sdk}
2023-02-16 11:09:45.174 [,] [restartedMain] INFO  c.a.n.c.r.client - [printIfInfoEnabled,60] --> [5f2fb3df-9f27-46c9-92f6-acda6e2a8308] RpcClient init, ServerListFactory = com.alibaba.nacos.client.naming.core.ServerListManager
2023-02-16 11:09:45.175 [,] [restartedMain] INFO  c.a.n.c.r.client - [printIfInfoEnabled,60] --> [5f2fb3df-9f27-46c9-92f6-acda6e2a8308] Registry connection listener to current client:com.alibaba.nacos.client.naming.remote.gprc.redo.NamingGrpcRedoService
2023-02-16 11:09:45.175 [,] [restartedMain] INFO  c.a.n.c.r.client - [printIfInfoEnabled,60] --> [5f2fb3df-9f27-46c9-92f6-acda6e2a8308] Register server push request handler:com.alibaba.nacos.client.naming.remote.gprc.NamingPushRequestHandler
2023-02-16 11:09:45.175 [,] [restartedMain] INFO  c.a.n.c.r.client - [printIfInfoEnabled,60] --> [5f2fb3df-9f27-46c9-92f6-acda6e2a8308] Try to connect to server on start up, server: {serverIp = '127.0.0.1', server main port = 8848}
2023-02-16 11:09:45.371 [,] [com.alibaba.nacos.client.remote.worker] INFO  c.a.n.c.r.client - [printIfInfoEnabled,60] --> [94d4402e-187d-4c28-b4b3-1fd7d5d368cc] Client is shutdown, stop reconnect to server
2023-02-16 11:09:46.182 [,] [restartedMain] INFO  c.a.n.c.r.client - [printIfInfoEnabled,60] --> [5f2fb3df-9f27-46c9-92f6-acda6e2a8308] Try to connect to server on start up, server: {serverIp = '127.0.0.1', server main port = 8848}
2023-02-16 11:09:47.187 [,] [restartedMain] INFO  c.a.n.c.r.client - [printIfInfoEnabled,60] --> [5f2fb3df-9f27-46c9-92f6-acda6e2a8308] Try to connect to server on start up, server: {serverIp = '127.0.0.1', server main port = 8848}
2023-02-16 11:09:48.189 [,] [restartedMain] INFO  c.a.n.c.r.client - [printIfInfoEnabled,60] --> [5f2fb3df-9f27-46c9-92f6-acda6e2a8308] Register server push request handler:com.alibaba.nacos.common.remote.client.RpcClient$ConnectResetRequestHandler
2023-02-16 11:09:48.189 [,] [restartedMain] INFO  c.a.n.c.r.client - [printIfInfoEnabled,60] --> [5f2fb3df-9f27-46c9-92f6-acda6e2a8308] Register server push request handler:com.alibaba.nacos.common.remote.client.RpcClient$$Lambda$1121/1338378677
2023-02-16 11:09:48.191 [,] [com.alibaba.nacos.client.remote.worker] INFO  c.a.n.c.r.client - [printIfInfoEnabled,60] --> [5f2fb3df-9f27-46c9-92f6-acda6e2a8308] Try to reconnect to a new server, server is  not appointed, will choose a random server.
2023-02-16 11:09:48.710 [,] [restartedMain] INFO  c.a.d.p.DruidDataSource - [close,2043] --> {dataSource-0} closing ...
2023-02-16 11:09:48.923 [,] [restartedMain] INFO  o.a.c.h.Http11NioProtocol - [log,173] --> Pausing ProtocolHandler ["http-nio-8080"]
2023-02-16 11:09:48.923 [,] [restartedMain] INFO  o.a.c.c.StandardService - [log,173] --> Stopping service [Tomcat]
2023-02-16 11:09:48.937 [,] [restartedMain] INFO  o.a.c.h.Http11NioProtocol - [log,173] --> Stopping ProtocolHandler ["http-nio-8080"]
2023-02-16 11:09:48.941 [,] [restartedMain] INFO  o.a.c.h.Http11NioProtocol - [log,173] --> Destroying ProtocolHandler ["http-nio-8080"]
2023-02-16 11:09:48.963 [,] [restartedMain] INFO  o.s.b.a.l.ConditionEvaluationReportLoggingListener - [logMessage,136] --> 

Error starting ApplicationContext. To display the conditions report re-run your application with 'debug' enabled.
2023-02-16 11:09:49.508 [,] [Thread-28] WARN  c.a.n.c.n.NotifyCenter - [shutdown,136] --> [NotifyCenter] Start destroying Publisher
2023-02-16 11:09:49.508 [,] [Thread-28] WARN  c.a.n.c.n.NotifyCenter - [shutdown,153] --> [NotifyCenter] Destruction of the end
2023-02-16 11:09:49.509 [,] [Thread-31] WARN  c.a.n.c.h.HttpClientBeanHolder - [shutdown,108] --> [HttpClientBeanHolder] Start destroying common HttpClient
